Determining if the pthread_create exist failed with the following output:
Change Dir: /home/urop/lcm-1.4.0/build/CMakeFiles/CMakeTmp

Run Build Command:"/usr/bin/make" "cmTC_5b476/fast"
/usr/bin/make -f CMakeFiles/cmTC_5b476.dir/build.make CMakeFiles/cmTC_5b476.dir/build
make[1]: Entering directory '/home/urop/lcm-1.4.0/build/CMakeFiles/CMakeTmp'
Building C object CMakeFiles/cmTC_5b476.dir/CheckSymbolExists.c.o
/usr/bin/cc   -std=gnu99 -Wno-format-zero-length    -o CMakeFiles/cmTC_5b476.dir/CheckSymbolExists.c.o   -c /home/urop/lcm-1.4.0/build/CMakeFiles/CMakeTmp/CheckSymbolExists.c
Linking C executable cmTC_5b476
/usr/bin/cmake -E cmake_link_script CMakeFiles/cmTC_5b476.dir/link.txt --verbose=1
/usr/bin/cc  -std=gnu99 -Wno-format-zero-length     -rdynamic CMakeFiles/cmTC_5b476.dir/CheckSymbolExists.c.o  -o cmTC_5b476 
CMakeFiles/cmTC_5b476.dir/CheckSymbolExists.c.o: In function `main':
CheckSymbolExists.c:(.text+0x1b): undefined reference to `pthread_create'
collect2: error: ld returned 1 exit status
CMakeFiles/cmTC_5b476.dir/build.make:97: recipe for target 'cmTC_5b476' failed
make[1]: *** [cmTC_5b476] Error 1
make[1]: Leaving directory '/home/urop/lcm-1.4.0/build/CMakeFiles/CMakeTmp'
Makefile:126: recipe for target 'cmTC_5b476/fast' failed
make: *** [cmTC_5b476/fast] Error 2

File /home/urop/lcm-1.4.0/build/CMakeFiles/CMakeTmp/CheckSymbolExists.c:
/* */
#include <pthread.h>

int main(int argc, char** argv)
{
  (void)argv;
#ifndef pthread_create
  return ((int*)(&pthread_create))[argc];
#else
  (void)argc;
  return 0;
#endif
}

Determining if the function pthread_create exists in the pthreads failed with the following output:
Change Dir: /home/urop/lcm-1.4.0/build/CMakeFiles/CMakeTmp

Run Build Command:"/usr/bin/make" "cmTC_bea16/fast"
/usr/bin/make -f CMakeFiles/cmTC_bea16.dir/build.make CMakeFiles/cmTC_bea16.dir/build
make[1]: Entering directory '/home/urop/lcm-1.4.0/build/CMakeFiles/CMakeTmp'
Building C object CMakeFiles/cmTC_bea16.dir/CheckFunctionExists.c.o
/usr/bin/cc   -std=gnu99 -Wno-format-zero-length -DCHECK_FUNCTION_EXISTS=pthread_create   -o CMakeFiles/cmTC_bea16.dir/CheckFunctionExists.c.o   -c /usr/share/cmake-3.10/Modules/CheckFunctionExists.c
Linking C executable cmTC_bea16
/usr/bin/cmake -E cmake_link_script CMakeFiles/cmTC_bea16.dir/link.txt --verbose=1
/usr/bin/cc  -std=gnu99 -Wno-format-zero-length -DCHECK_FUNCTION_EXISTS=pthread_create    -rdynamic CMakeFiles/cmTC_bea16.dir/CheckFunctionExists.c.o  -o cmTC_bea16 -lpthreads 
/usr/bin/ld: cannot find -lpthreads
collect2: error: ld returned 1 exit status
CMakeFiles/cmTC_bea16.dir/build.make:97: recipe for target 'cmTC_bea16' failed
make[1]: *** [cmTC_bea16] Error 1
make[1]: Leaving directory '/home/urop/lcm-1.4.0/build/CMakeFiles/CMakeTmp'
Makefile:126: recipe for target 'cmTC_bea16/fast' failed
make: *** [cmTC_bea16/fast] Error 2


